This file contains any messages produced by compilers while
running configure, to aid debugging if configure makes a mistake.

It was created by ftk configure 0.1, which was
generated by GNU Autoconf 2.61.  Invocation command line was

  $ ./configure --with-backend=linux-x11:320x480 --no-create --no-recursion

## --------- ##
## Platform. ##
## --------- ##

hostname = localhost.localdomain
uname -m = i686
uname -r = 2.6.23.17-88.fc7
uname -s = Linux
uname -v = #1 SMP Wed May 14 23:58:02 EDT 2008

/usr/bin/uname -p = unknown
/bin/uname -X     = unknown

/bin/arch              = i686
/usr/bin/arch -k       = unknown
/usr/convex/getsysinfo = unknown
/usr/bin/hostinfo      = unknown
/bin/machine           = unknown
/usr/bin/oslevel       = unknown
/bin/universe          = unknown

PATH: /usr/kerberos/sbin
PATH: /usr/lib/qt-3.3/bin
PATH: /usr/kerberos/bin
PATH: /usr/lib/ccache
PATH: /backup/software/jdk1.5.0_19/bin
PATH: /usr/local/bin
PATH: /usr/bin
PATH: /bin
PATH: /sbin
PATH: /usr/sbin
PATH: .
PATH: /home/lixianjing/bin


## ----------- ##
## Core tests. ##
## ----------- ##

configure:2010: checking for a BSD-compatible install
configure:2066: result: /usr/bin/install -c
configure:2077: checking whether build environment is sane
configure:2120: result: yes
configure:2148: checking for a thread-safe mkdir -p
configure:2187: result: /bin/mkdir -p
configure:2200: checking for gawk
configure:2216: found /usr/bin/gawk
configure:2227: result: gawk
configure:2238: checking whether make sets $(MAKE)
configure:2259: result: yes
configure:2496: checking for gcc
configure:2512: found /usr/lib/ccache/gcc
configure:2523: result: gcc
configure:2761: checking for C compiler version
configure:2768: gcc --version >&5
gcc (GCC) 4.3.0 20080428 (Red Hat 4.3.0-8)
Copyright (C) 2008 Free Software Foundation, Inc.
This is free software; see the source for copying conditions.  There is NO
warranty; not even for MERCHANTABILITY or FITNESS FOR A PARTICULAR PURPOSE.

configure:2771: $? = 0
configure:2778: gcc -v >&5
Using built-in specs.
Target: i386-redhat-linux
Configured with: ../configure --prefix=/usr --mandir=/usr/share/man --infodir=/usr/share/info --with-bugurl=http://bugzilla.redhat.com/bugzilla --enable-bootstrap --enable-shared --enable-threads=posix --enable-checking=release --with-system-zlib --enable-__cxa_atexit --disable-libunwind-exceptions --enable-languages=c,c++,objc,obj-c++,java,fortran,ada --enable-java-awt=gtk --disable-dssi --enable-plugin --with-java-home=/usr/lib/jvm/java-1.5.0-gcj-1.5.0.0/jre --enable-libgcj-multifile --enable-java-maintainer-mode --with-ecj-jar=/usr/share/java/eclipse-ecj.jar --disable-libjava-multilib --with-cpu=generic --build=i386-redhat-linux
Thread model: posix
gcc version 4.3.0 20080428 (Red Hat 4.3.0-8) (GCC) 
configure:2781: $? = 0
configure:2788: gcc -V >&5
gcc: '-V' option must have argument
configure:2791: $? = 1
configure:2814: checking for C compiler default output file name
configure:2841: gcc    conftest.c  >&5
configure:2844: $? = 0
configure:2882: result: a.out
configure:2899: checking whether the C compiler works
configure:2909: ./a.out
configure:2912: $? = 0
configure:2929: result: yes
configure:2936: checking whether we are cross compiling
configure:2938: result: no
configure:2941: checking for suffix of executables
configure:2948: gcc -o conftest    conftest.c  >&5
configure:2951: $? = 0
configure:2975: result: 
configure:2981: checking for suffix of object files
configure:3007: gcc -c   conftest.c >&5
configure:3010: $? = 0
configure:3033: result: o
configure:3037: checking whether we are using the GNU C compiler
configure:3066: gcc -c   conftest.c >&5
configure:3072: $? = 0
configure:3089: result: yes
configure:3094: checking whether gcc accepts -g
configure:3124: gcc -c -g  conftest.c >&5
configure:3130: $? = 0
configure:3229: result: yes
configure:3246: checking for gcc option to accept ISO C89
configure:3320: gcc  -c -g -O2  conftest.c >&5
configure:3326: $? = 0
configure:3349: result: none needed
configure:3378: checking for style of include used by make
configure:3406: result: GNU
configure:3431: checking dependency style of gcc
configure:3522: result: gcc3
configure:3615: checking build system type
configure:3633: result: i686-pc-linux-gnu
configure:3655: checking host system type
configure:3670: result: i686-pc-linux-gnu
configure:3692: checking for a sed that does not truncate output
configure:3748: result: /bin/sed
configure:3751: checking for grep that handles long lines and -e
configure:3825: result: /bin/grep
configure:3830: checking for egrep
configure:3908: result: /bin/grep -E
configure:3924: checking for ld used by gcc
configure:3991: result: /usr/bin/ld
configure:4000: checking if the linker (/usr/bin/ld) is GNU ld
configure:4015: result: yes
configure:4020: checking for /usr/bin/ld option to reload object files
configure:4027: result: -r
configure:4045: checking for BSD-compatible nm
configure:4094: result: /usr/bin/nm -B
configure:4098: checking whether ln -s works
configure:4102: result: yes
configure:4109: checking how to recognize dependent libraries
configure:4295: result: pass_all
configure:4537: checking how to run the C preprocessor
configure:4577: gcc -E  conftest.c
configure:4583: $? = 0
configure:4614: gcc -E  conftest.c
conftest.c:10:28: error: ac_nonexistent.h: No such file or directory
configure:4620: $? = 1
configure: failed program was:
| /* confdefs.h.  */
| #define PACKAGE_NAME "ftk"
| #define PACKAGE_TARNAME "ftk"
| #define PACKAGE_VERSION "0.1"
| #define PACKAGE_STRING "ftk 0.1"
| #define PACKAGE_BUGREPORT "xianjimli@hotmail.com"
| #define PACKAGE "ftk"
| #define VERSION "0.1"
| /* end confdefs.h.  */
| #include <ac_nonexistent.h>
configure:4653: result: gcc -E
configure:4682: gcc -E  conftest.c
configure:4688: $? = 0
configure:4719: gcc -E  conftest.c
conftest.c:10:28: error: ac_nonexistent.h: No such file or directory
configure:4725: $? = 1
configure: failed program was:
| /* confdefs.h.  */
| #define PACKAGE_NAME "ftk"
| #define PACKAGE_TARNAME "ftk"
| #define PACKAGE_VERSION "0.1"
| #define PACKAGE_STRING "ftk 0.1"
| #define PACKAGE_BUGREPORT "xianjimli@hotmail.com"
| #define PACKAGE "ftk"
| #define VERSION "0.1"
| /* end confdefs.h.  */
| #include <ac_nonexistent.h>
configure:4763: checking for ANSI C header files
configure:4793: gcc -c -g -O2  conftest.c >&5
configure:4799: $? = 0
configure:4898: gcc -o conftest -g -O2   conftest.c  >&5
configure:4901: $? = 0
configure:4907: ./conftest
configure:4910: $? = 0
configure:4927: result: yes
configure:4951: checking for sys/types.h
configure:4972: gcc -c -g -O2  conftest.c >&5
configure:4978: $? = 0
configure:4994: result: yes
configure:4951: checking for sys/stat.h
configure:4972: gcc -c -g -O2  conftest.c >&5
configure:4978: $? = 0
configure:4994: result: yes
configure:4951: checking for stdlib.h
configure:4972: gcc -c -g -O2  conftest.c >&5
configure:4978: $? = 0
configure:4994: result: yes
configure:4951: checking for string.h
configure:4972: gcc -c -g -O2  conftest.c >&5
configure:4978: $? = 0
configure:4994: result: yes
configure:4951: checking for memory.h
configure:4972: gcc -c -g -O2  conftest.c >&5
configure:4978: $? = 0
configure:4994: result: yes
configure:4951: checking for strings.h
configure:4972: gcc -c -g -O2  conftest.c >&5
configure:4978: $? = 0
configure:4994: result: yes
configure:4951: checking for inttypes.h
configure:4972: gcc -c -g -O2  conftest.c >&5
configure:4978: $? = 0
configure:4994: result: yes
configure:4951: checking for stdint.h
configure:4972: gcc -c -g -O2  conftest.c >&5
configure:4978: $? = 0
configure:4994: result: yes
configure:4951: checking for unistd.h
configure:4972: gcc -c -g -O2  conftest.c >&5
configure:4978: $? = 0
configure:4994: result: yes
configure:5021: checking dlfcn.h usability
configure:5038: gcc -c -g -O2  conftest.c >&5
configure:5044: $? = 0
configure:5058: result: yes
configure:5062: checking dlfcn.h presence
configure:5077: gcc -E  conftest.c
configure:5083: $? = 0
configure:5097: result: yes
configure:5130: checking for dlfcn.h
configure:5138: result: yes
configure:5209: checking for g++
configure:5225: found /usr/lib/ccache/g++
configure:5236: result: g++
configure:5267: checking for C++ compiler version
configure:5274: g++ --version >&5
g++ (GCC) 4.3.0 20080428 (Red Hat 4.3.0-8)
Copyright (C) 2008 Free Software Foundation, Inc.
This is free software; see the source for copying conditions.  There is NO
warranty; not even for MERCHANTABILITY or FITNESS FOR A PARTICULAR PURPOSE.

configure:5277: $? = 0
configure:5284: g++ -v >&5
Using built-in specs.
Target: i386-redhat-linux
Configured with: ../configure --prefix=/usr --mandir=/usr/share/man --infodir=/usr/share/info --with-bugurl=http://bugzilla.redhat.com/bugzilla --enable-bootstrap --enable-shared --enable-threads=posix --enable-checking=release --with-system-zlib --enable-__cxa_atexit --disable-libunwind-exceptions --enable-languages=c,c++,objc,obj-c++,java,fortran,ada --enable-java-awt=gtk --disable-dssi --enable-plugin --with-java-home=/usr/lib/jvm/java-1.5.0-gcj-1.5.0.0/jre --enable-libgcj-multifile --enable-java-maintainer-mode --with-ecj-jar=/usr/share/java/eclipse-ecj.jar --disable-libjava-multilib --with-cpu=generic --build=i386-redhat-linux
Thread model: posix
gcc version 4.3.0 20080428 (Red Hat 4.3.0-8) (GCC) 
configure:5287: $? = 0
configure:5294: g++ -V >&5
g++: '-V' option must have argument
configure:5297: $? = 1
configure:5300: checking whether we are using the GNU C++ compiler
configure:5329: g++ -c   conftest.cpp >&5
configure:5335: $? = 0
configure:5352: result: yes
configure:5357: checking whether g++ accepts -g
configure:5387: g++ -c -g  conftest.cpp >&5
configure:5393: $? = 0
configure:5492: result: yes
configure:5517: checking dependency style of g++
configure:5608: result: gcc3
configure:5633: checking how to run the C++ preprocessor
configure:5669: g++ -E  conftest.cpp
configure:5675: $? = 0
configure:5706: g++ -E  conftest.cpp
conftest.cpp:21:28: error: ac_nonexistent.h: No such file or directory
configure:5712: $? = 1
configure: failed program was:
| /* confdefs.h.  */
| #define PACKAGE_NAME "ftk"
| #define PACKAGE_TARNAME "ftk"
| #define PACKAGE_VERSION "0.1"
| #define PACKAGE_STRING "ftk 0.1"
| #define PACKAGE_BUGREPORT "xianjimli@hotmail.com"
| #define PACKAGE "ftk"
| #define VERSION "0.1"
| #define STDC_HEADERS 1
| #define HAVE_SYS_TYPES_H 1
| #define HAVE_SYS_STAT_H 1
| #define HAVE_STDLIB_H 1
| #define HAVE_STRING_H 1
| #define HAVE_MEMORY_H 1
| #define HAVE_STRINGS_H 1
| #define HAVE_INTTYPES_H 1
| #define HAVE_STDINT_H 1
| #define HAVE_UNISTD_H 1
| #define HAVE_DLFCN_H 1
| /* end confdefs.h.  */
| #include <ac_nonexistent.h>
configure:5745: result: g++ -E
configure:5774: g++ -E  conftest.cpp
configure:5780: $? = 0
configure:5811: g++ -E  conftest.cpp
conftest.cpp:21:28: error: ac_nonexistent.h: No such file or directory
configure:5817: $? = 1
configure: failed program was:
| /* confdefs.h.  */
| #define PACKAGE_NAME "ftk"
| #define PACKAGE_TARNAME "ftk"
| #define PACKAGE_VERSION "0.1"
| #define PACKAGE_STRING "ftk 0.1"
| #define PACKAGE_BUGREPORT "xianjimli@hotmail.com"
| #define PACKAGE "ftk"
| #define VERSION "0.1"
| #define STDC_HEADERS 1
| #define HAVE_SYS_TYPES_H 1
| #define HAVE_SYS_STAT_H 1
| #define HAVE_STDLIB_H 1
| #define HAVE_STRING_H 1
| #define HAVE_MEMORY_H 1
| #define HAVE_STRINGS_H 1
| #define HAVE_INTTYPES_H 1
| #define HAVE_STDINT_H 1
| #define HAVE_UNISTD_H 1
| #define HAVE_DLFCN_H 1
| /* end confdefs.h.  */
| #include <ac_nonexistent.h>
configure:5910: checking for g77
configure:5940: result: no
configure:5910: checking for xlf
configure:5940: result: no
configure:5910: checking for f77
configure:5940: result: no
configure:5910: checking for frt
configure:5940: result: no
configure:5910: checking for pgf77
configure:5940: result: no
configure:5910: checking for cf77
configure:5940: result: no
configure:5910: checking for fort77
configure:5940: result: no
configure:5910: checking for fl32
configure:5940: result: no
configure:5910: checking for af77
configure:5940: result: no
configure:5910: checking for xlf90
configure:5940: result: no
configure:5910: checking for f90
configure:5940: result: no
configure:5910: checking for pgf90
configure:5940: result: no
configure:5910: checking for pghpf
configure:5940: result: no
configure:5910: checking for epcf90
configure:5940: result: no
configure:5910: checking for gfortran
configure:5926: found /usr/bin/gfortran
configure:5937: result: gfortran
configure:5967: checking for Fortran 77 compiler version
configure:5974: gfortran --version >&5
GNU Fortran (GCC) 4.3.0 20080428 (Red Hat 4.3.0-8)
Copyright (C) 2008 Free Software Foundation, Inc.

GNU Fortran comes with NO WARRANTY, to the extent permitted by law.
You may redistribute copies of GNU Fortran
under the terms of the GNU General Public License.
For more information about these matters, see the file named COPYING

configure:5977: $? = 0
configure:5984: gfortran -v >&5
Using built-in specs.
Target: i386-redhat-linux
Configured with: ../configure --prefix=/usr --mandir=/usr/share/man --infodir=/usr/share/info --with-bugurl=http://bugzilla.redhat.com/bugzilla --enable-bootstrap --enable-shared --enable-threads=posix --enable-checking=release --with-system-zlib --enable-__cxa_atexit --disable-libunwind-exceptions --enable-languages=c,c++,objc,obj-c++,java,fortran,ada --enable-java-awt=gtk --disable-dssi --enable-plugin --with-java-home=/usr/lib/jvm/java-1.5.0-gcj-1.5.0.0/jre --enable-libgcj-multifile --enable-java-maintainer-mode --with-ecj-jar=/usr/share/java/eclipse-ecj.jar --disable-libjava-multilib --with-cpu=generic --build=i386-redhat-linux
Thread model: posix
gcc version 4.3.0 20080428 (Red Hat 4.3.0-8) (GCC) 
configure:5987: $? = 0
configure:5994: gfortran -V >&5
gfortran: '-V' option must have argument
configure:5997: $? = 1
configure:6005: checking whether we are using the GNU Fortran 77 compiler
configure:6024: gfortran -c  conftest.F >&5
configure:6030: $? = 0
configure:6047: result: yes
configure:6053: checking whether gfortran accepts -g
configure:6070: gfortran -c -g conftest.f >&5
configure:6076: $? = 0
configure:6092: result: yes
configure:6122: checking the maximum length of command line arguments
configure:6234: result: 1966080
configure:6246: checking command to parse /usr/bin/nm -B output from gcc object
configure:6351: gcc -c -g -O2  conftest.c >&5
configure:6354: $? = 0
configure:6358: /usr/bin/nm -B conftest.o \| sed -n -e 's/^.*[ 	]\([ABCDGIRSTW][ABCDGIRSTW]*\)[ 	][ 	]*\([_A-Za-z][_A-Za-z0-9]*\)$/\1 \2 \2/p' \> conftest.nm
configure:6361: $? = 0
configure:6413: gcc -o conftest -g -O2   conftest.c conftstm.o >&5
configure:6416: $? = 0
configure:6454: result: ok
configure:6458: checking for objdir
configure:6473: result: .libs
configure:6565: checking for ar
configure:6581: found /usr/bin/ar
configure:6592: result: ar
configure:6661: checking for ranlib
configure:6677: found /usr/bin/ranlib
configure:6688: result: ranlib
configure:6757: checking for strip
configure:6773: found /usr/bin/strip
configure:6784: result: strip
configure:7070: checking if gcc supports -fno-rtti -fno-exceptions
configure:7088: gcc -c -g -O2  -fno-rtti -fno-exceptions conftest.c >&5
cc1: warning: command line option "-fno-rtti" is valid for C++/ObjC++ but not for C
cc1: warning: command line option "-fno-rtti" is valid for C++/ObjC++ but not for C
configure:7092: $? = 0
configure:7105: result: no
configure:7120: checking for gcc option to produce PIC
configure:7352: result: -fPIC
configure:7360: checking if gcc PIC flag -fPIC works
configure:7378: gcc -c -g -O2  -fPIC -DPIC conftest.c >&5
configure:7382: $? = 0
configure:7395: result: yes
configure:7423: checking if gcc static flag -static works
configure:7451: result: yes
configure:7461: checking if gcc supports -c -o file.o
configure:7482: gcc -c -g -O2  -o out/conftest2.o conftest.c >&5
configure:7486: $? = 0
configure:7508: result: yes
configure:7534: checking whether the gcc linker (/usr/bin/ld) supports shared libraries
configure:8514: result: yes
configure:8535: checking whether -lc should be explicitly linked in
configure:8540: gcc -c -g -O2  conftest.c >&5
configure:8543: $? = 0
configure:8558: gcc -shared conftest.o  -v -Wl,-soname -Wl,conftest -o conftest 2\>\&1 \| grep  -lc  \>/dev/null 2\>\&1
configure:8561: $? = 0
configure:8573: result: no
configure:8581: checking dynamic linker characteristics
configure:9185: result: GNU/Linux ld.so
configure:9194: checking how to hardcode library paths into programs
configure:9219: result: immediate
configure:9233: checking whether stripping libraries is possible
configure:9238: result: yes
configure:10040: checking if libtool supports shared libraries
configure:10042: result: yes
configure:10045: checking whether to build shared libraries
configure:10066: result: yes
configure:10069: checking whether to build static libraries
configure:10073: result: yes
configure:10166: creating libtool
configure:10754: checking for ld used by g++
configure:10821: result: /usr/bin/ld
configure:10830: checking if the linker (/usr/bin/ld) is GNU ld
configure:10845: result: yes
configure:10896: checking whether the g++ linker (/usr/bin/ld) supports shared libraries
configure:11870: result: yes
configure:11888: g++ -c -g -O2  conftest.cpp >&5
configure:11891: $? = 0
configure:12043: checking for g++ option to produce PIC
configure:12327: result: -fPIC
configure:12335: checking if g++ PIC flag -fPIC works
configure:12353: g++ -c -g -O2  -fPIC -DPIC conftest.cpp >&5
configure:12357: $? = 0
configure:12370: result: yes
configure:12398: checking if g++ static flag -static works
configure:12426: result: yes
configure:12436: checking if g++ supports -c -o file.o
configure:12457: g++ -c -g -O2  -o out/conftest2.o conftest.cpp >&5
configure:12461: $? = 0
configure:12483: result: yes
configure:12509: checking whether the g++ linker (/usr/bin/ld) supports shared libraries
configure:12534: result: yes
configure:12601: checking dynamic linker characteristics
configure:13153: result: GNU/Linux ld.so
configure:13162: checking how to hardcode library paths into programs
configure:13187: result: immediate
configure:13721: checking if libtool supports shared libraries
configure:13723: result: yes
configure:13726: checking whether to build shared libraries
configure:13746: result: yes
configure:13749: checking whether to build static libraries
configure:13753: result: yes
configure:13763: checking for gfortran option to produce PIC
configure:13995: result: -fPIC
configure:14003: checking if gfortran PIC flag -fPIC works
configure:14021: gfortran -c -g -O2 -fPIC conftest.f >&5
configure:14025: $? = 0
configure:14038: result: yes
configure:14066: checking if gfortran static flag -static works
configure:14094: result: yes
configure:14104: checking if gfortran supports -c -o file.o
configure:14125: gfortran -c -g -O2 -o out/conftest2.o conftest.f >&5
configure:14129: $? = 0
configure:14151: result: yes
configure:14177: checking whether the gfortran linker (/usr/bin/ld) supports shared libraries
configure:15137: result: yes
configure:15204: checking dynamic linker characteristics
configure:15756: result: GNU/Linux ld.so
configure:15765: checking how to hardcode library paths into programs
configure:15790: result: immediate
configure:19366: checking for main in -ljpeg
configure:19395: gcc -o conftest -g -O2   conftest.c -ljpeg   >&5
configure:19401: $? = 0
configure:19419: result: yes
configure:19432: checking for main in -lpng
configure:19461: gcc -o conftest -g -O2   conftest.c -lpng  -ljpeg  >&5
configure:19467: $? = 0
configure:19485: result: yes
configure:19518: checking fcntl.h usability
configure:19535: gcc -c -g -O2  conftest.c >&5
configure:19541: $? = 0
configure:19555: result: yes
configure:19559: checking fcntl.h presence
configure:19574: gcc -E  conftest.c
configure:19580: $? = 0
configure:19594: result: yes
configure:19627: checking for fcntl.h
configure:19635: result: yes
configure:19508: checking for stdlib.h
configure:19514: result: yes
configure:19508: checking for string.h
configure:19514: result: yes
configure:19518: checking sys/ioctl.h usability
configure:19535: gcc -c -g -O2  conftest.c >&5
configure:19541: $? = 0
configure:19555: result: yes
configure:19559: checking sys/ioctl.h presence
configure:19574: gcc -E  conftest.c
configure:19580: $? = 0
configure:19594: result: yes
configure:19627: checking for sys/ioctl.h
configure:19635: result: yes
configure:19518: checking sys/time.h usability
configure:19535: gcc -c -g -O2  conftest.c >&5
configure:19541: $? = 0
configure:19555: result: yes
configure:19559: checking sys/time.h presence
configure:19574: gcc -E  conftest.c
configure:19580: $? = 0
configure:19594: result: yes
configure:19627: checking for sys/time.h
configure:19635: result: yes
configure:19508: checking for unistd.h
configure:19514: result: yes
configure:19989: checking for inline
configure:20015: gcc -c -g -O2 -I/usr/X11R6/include -DUSE_LINUX_X11 -DDISPLAY_PARAM="\"linux-x11:320x480\""  conftest.c >&5
configure:20021: $? = 0
configure:20039: result: inline
configure:20058: checking for size_t
configure:20088: gcc -c -g -O2 -I/usr/X11R6/include -DUSE_LINUX_X11 -DDISPLAY_PARAM="\"linux-x11:320x480\""  conftest.c >&5
configure:20094: $? = 0
configure:20109: result: yes
configure:20128: checking for stdlib.h
configure:20134: result: yes
configure:20268: checking for GNU libc compatible malloc
configure:20302: gcc -o conftest -g -O2 -I/usr/X11R6/include -DUSE_LINUX_X11 -DDISPLAY_PARAM="\"linux-x11:320x480\""   -L/usr/X11R6/lib -lX11 -lXext conftest.c -lpng -ljpeg  >&5
configure:20305: $? = 0
configure:20311: ./conftest
configure:20314: $? = 0
configure:20330: result: yes
configure:20364: checking for stdlib.h
configure:20370: result: yes
configure:20364: checking for unistd.h
configure:20370: result: yes
configure:20508: checking for getpagesize
configure:20564: gcc -o conftest -g -O2 -I/usr/X11R6/include -DUSE_LINUX_X11 -DDISPLAY_PARAM="\"linux-x11:320x480\""   -L/usr/X11R6/lib -lX11 -lXext conftest.c -lpng -ljpeg  >&5
configure:20570: $? = 0
configure:20588: result: yes
configure:20598: checking for working mmap
configure:20745: gcc -o conftest -g -O2 -I/usr/X11R6/include -DUSE_LINUX_X11 -DDISPLAY_PARAM="\"linux-x11:320x480\""   -L/usr/X11R6/lib -lX11 -lXext conftest.c -lpng -ljpeg  >&5
configure:20748: $? = 0
configure:20754: ./conftest
configure:20757: $? = 0
configure:20773: result: yes
configure:20789: checking for stdlib.h
configure:20795: result: yes
configure:20929: checking for GNU libc compatible realloc
configure:20963: gcc -o conftest -g -O2 -I/usr/X11R6/include -DUSE_LINUX_X11 -DDISPLAY_PARAM="\"linux-x11:320x480\""   -L/usr/X11R6/lib -lX11 -lXext conftest.c -lpng -ljpeg  >&5
configure:20966: $? = 0
configure:20972: ./conftest
configure:20975: $? = 0
configure:20991: result: yes
configure:21028: checking for gettimeofday
configure:21084: gcc -o conftest -g -O2 -I/usr/X11R6/include -DUSE_LINUX_X11 -DDISPLAY_PARAM="\"linux-x11:320x480\""   -L/usr/X11R6/lib -lX11 -lXext conftest.c -lpng -ljpeg  >&5
configure:21090: $? = 0
configure:21108: result: yes
configure:21028: checking for memset
configure:21084: gcc -o conftest -g -O2 -I/usr/X11R6/include -DUSE_LINUX_X11 -DDISPLAY_PARAM="\"linux-x11:320x480\""   -L/usr/X11R6/lib -lX11 -lXext conftest.c -lpng -ljpeg  >&5
conftest.c:61: warning: conflicting types for built-in function 'memset'
configure:21090: $? = 0
configure:21108: result: yes
configure:21028: checking for munmap
configure:21084: gcc -o conftest -g -O2 -I/usr/X11R6/include -DUSE_LINUX_X11 -DDISPLAY_PARAM="\"linux-x11:320x480\""   -L/usr/X11R6/lib -lX11 -lXext conftest.c -lpng -ljpeg  >&5
configure:21090: $? = 0
configure:21108: result: yes
configure:21028: checking for select
configure:21084: gcc -o conftest -g -O2 -I/usr/X11R6/include -DUSE_LINUX_X11 -DDISPLAY_PARAM="\"linux-x11:320x480\""   -L/usr/X11R6/lib -lX11 -lXext conftest.c -lpng -ljpeg  >&5
configure:21090: $? = 0
configure:21108: result: yes
configure:21028: checking for strdup
configure:21084: gcc -o conftest -g -O2 -I/usr/X11R6/include -DUSE_LINUX_X11 -DDISPLAY_PARAM="\"linux-x11:320x480\""   -L/usr/X11R6/lib -lX11 -lXext conftest.c -lpng -ljpeg  >&5
conftest.c:64: warning: conflicting types for built-in function 'strdup'
configure:21090: $? = 0
configure:21108: result: yes
configure:21028: checking for strstr
configure:21084: gcc -o conftest -g -O2 -I/usr/X11R6/include -DUSE_LINUX_X11 -DDISPLAY_PARAM="\"linux-x11:320x480\""   -L/usr/X11R6/lib -lX11 -lXext conftest.c -lpng -ljpeg  >&5
conftest.c:65: warning: conflicting types for built-in function 'strstr'
configure:21090: $? = 0
configure:21108: result: yes
configure:21284: creating ./config.status

## ---------------- ##
## Cache variables. ##
## ---------------- ##

ac_cv_build=i686-pc-linux-gnu
ac_cv_c_compiler_gnu=yes
ac_cv_c_inline=inline
ac_cv_cxx_compiler_gnu=yes
ac_cv_env_CCC_set=
ac_cv_env_CCC_value=
ac_cv_env_CC_set=
ac_cv_env_CC_value=
ac_cv_env_CFLAGS_set=
ac_cv_env_CFLAGS_value=
ac_cv_env_CPPFLAGS_set=
ac_cv_env_CPPFLAGS_value=
ac_cv_env_CPP_set=
ac_cv_env_CPP_value=
ac_cv_env_CXXCPP_set=
ac_cv_env_CXXCPP_value=
ac_cv_env_CXXFLAGS_set=
ac_cv_env_CXXFLAGS_value=
ac_cv_env_CXX_set=
ac_cv_env_CXX_value=
ac_cv_env_DIRECTFB_CFLAGS_set=
ac_cv_env_DIRECTFB_CFLAGS_value=
ac_cv_env_DIRECTFB_LIBS_set=
ac_cv_env_DIRECTFB_LIBS_value=
ac_cv_env_F77_set=
ac_cv_env_F77_value=
ac_cv_env_FFLAGS_set=
ac_cv_env_FFLAGS_value=
ac_cv_env_LDFLAGS_set=
ac_cv_env_LDFLAGS_value=
ac_cv_env_LIBS_set=
ac_cv_env_LIBS_value=
ac_cv_env_PKG_CONFIG_set=
ac_cv_env_PKG_CONFIG_value=
ac_cv_env_build_alias_set=
ac_cv_env_build_alias_value=
ac_cv_env_host_alias_set=
ac_cv_env_host_alias_value=
ac_cv_env_target_alias_set=
ac_cv_env_target_alias_value=
ac_cv_f77_compiler_gnu=yes
ac_cv_func_getpagesize=yes
ac_cv_func_gettimeofday=yes
ac_cv_func_malloc_0_nonnull=yes
ac_cv_func_memset=yes
ac_cv_func_mmap_fixed_mapped=yes
ac_cv_func_munmap=yes
ac_cv_func_realloc_0_nonnull=yes
ac_cv_func_select=yes
ac_cv_func_strdup=yes
ac_cv_func_strstr=yes
ac_cv_header_dlfcn_h=yes
ac_cv_header_fcntl_h=yes
ac_cv_header_inttypes_h=yes
ac_cv_header_memory_h=yes
ac_cv_header_stdc=yes
ac_cv_header_stdint_h=yes
ac_cv_header_stdlib_h=yes
ac_cv_header_string_h=yes
ac_cv_header_strings_h=yes
ac_cv_header_sys_ioctl_h=yes
ac_cv_header_sys_stat_h=yes
ac_cv_header_sys_time_h=yes
ac_cv_header_sys_types_h=yes
ac_cv_header_unistd_h=yes
ac_cv_host=i686-pc-linux-gnu
ac_cv_lib_jpeg_main=yes
ac_cv_lib_png_main=yes
ac_cv_objext=o
ac_cv_path_EGREP='/bin/grep -E'
ac_cv_path_GREP=/bin/grep
ac_cv_path_install='/usr/bin/install -c'
ac_cv_path_mkdir=/bin/mkdir
ac_cv_prog_AWK=gawk
ac_cv_prog_CPP='gcc -E'
ac_cv_prog_CXXCPP='g++ -E'
ac_cv_prog_ac_ct_AR=ar
ac_cv_prog_ac_ct_CC=gcc
ac_cv_prog_ac_ct_CXX=g++
ac_cv_prog_ac_ct_F77=gfortran
ac_cv_prog_ac_ct_RANLIB=ranlib
ac_cv_prog_ac_ct_STRIP=strip
ac_cv_prog_cc_c89=
ac_cv_prog_cc_g=yes
ac_cv_prog_cxx_g=yes
ac_cv_prog_f77_g=yes
ac_cv_prog_make_make_set=yes
ac_cv_type_size_t=yes
am_cv_CC_dependencies_compiler_type=gcc3
am_cv_CXX_dependencies_compiler_type=gcc3
lt_cv_deplibs_check_method=pass_all
lt_cv_file_magic_cmd='$MAGIC_CMD'
lt_cv_file_magic_test_file=
lt_cv_ld_reload_flag=-r
lt_cv_objdir=.libs
lt_cv_path_LD=/usr/bin/ld
lt_cv_path_LDCXX=/usr/bin/ld
lt_cv_path_NM='/usr/bin/nm -B'
lt_cv_path_SED=/bin/sed
lt_cv_prog_compiler_c_o=yes
lt_cv_prog_compiler_c_o_CXX=yes
lt_cv_prog_compiler_c_o_F77=yes
lt_cv_prog_compiler_rtti_exceptions=no
lt_cv_prog_gnu_ld=yes
lt_cv_prog_gnu_ldcxx=yes
lt_cv_sys_global_symbol_pipe='sed -n -e '\''s/^.*[ 	]\([ABCDGIRSTW][ABCDGIRSTW]*\)[ 	][ 	]*\([_A-Za-z][_A-Za-z0-9]*\)$/\1 \2 \2/p'\'''
lt_cv_sys_global_symbol_to_c_name_address='sed -n -e '\''s/^: \([^ ]*\) $/  {\"\1\", (lt_ptr) 0},/p'\'' -e '\''s/^[BCDEGRST] \([^ ]*\) \([^ ]*\)$/  {"\2", (lt_ptr) \&\2},/p'\'''
lt_cv_sys_global_symbol_to_cdecl='sed -n -e '\''s/^. .* \(.*\)$/extern int \1;/p'\'''
lt_cv_sys_max_cmd_len=1966080
lt_lt_cv_prog_compiler_c_o='"yes"'
lt_lt_cv_prog_compiler_c_o_CXX='"yes"'
lt_lt_cv_prog_compiler_c_o_F77='"yes"'
lt_lt_cv_sys_global_symbol_pipe='"sed -n -e '\''s/^.*[ 	]\\([ABCDGIRSTW][ABCDGIRSTW]*\\)[ 	][ 	]*\\([_A-Za-z][_A-Za-z0-9]*\\)\$/\\1 \\2 \\2/p'\''"'
lt_lt_cv_sys_global_symbol_to_c_name_address='"sed -n -e '\''s/^: \\([^ ]*\\) \$/  {\\\"\\1\\\", (lt_ptr) 0},/p'\'' -e '\''s/^[BCDEGRST] \\([^ ]*\\) \\([^ ]*\\)\$/  {\"\\2\", (lt_ptr) \\&\\2},/p'\''"'
lt_lt_cv_sys_global_symbol_to_cdecl='"sed -n -e '\''s/^. .* \\(.*\\)\$/extern int \\1;/p'\''"'

## ----------------- ##
## Output variables. ##
## ----------------- ##

ACLOCAL='${SHELL} /work/mine/googlecode/cross/ftk/missing --run aclocal-1.10'
AMDEPBACKSLASH='\'
AMDEP_FALSE='#'
AMDEP_TRUE=''
AMTAR='${SHELL} /work/mine/googlecode/cross/ftk/missing --run tar'
AR='ar'
AUTOCONF='${SHELL} /work/mine/googlecode/cross/ftk/missing --run autoconf'
AUTOHEADER='${SHELL} /work/mine/googlecode/cross/ftk/missing --run autoheader'
AUTOMAKE='${SHELL} /work/mine/googlecode/cross/ftk/missing --run automake-1.10'
AWK='gawk'
CC='gcc'
CCDEPMODE='depmode=gcc3'
CFLAGS='-g -O2 -I/usr/X11R6/include -DUSE_LINUX_X11 -DDISPLAY_PARAM="\"linux-x11:320x480\""'
CPP='gcc -E'
CPPFLAGS=''
CXX='g++'
CXXCPP='g++ -E'
CXXDEPMODE='depmode=gcc3'
CXXFLAGS='-g -O2'
CYGPATH_W='echo'
DEFS='-DHAVE_CONFIG_H'
DEPDIR='.deps'
DIRECTFB_CFLAGS=''
DIRECTFB_LIBS=''
ECHO='echo'
ECHO_C=''
ECHO_N='-n'
ECHO_T=''
EGREP='/bin/grep -E'
ENABLE_TSLIB_FALSE=''
ENABLE_TSLIB_TRUE='#'
EXEEXT=''
F77='gfortran'
FFLAGS='-g -O2'
FONT_ENGINE_DEFAULT_FALSE='#'
FONT_ENGINE_DEFAULT_TRUE=''
FONT_ENGINE_FREETYPE_FALSE=''
FONT_ENGINE_FREETYPE_TRUE='#'
FTK_BACKEND_DFB_FALSE=''
FTK_BACKEND_DFB_TRUE='#'
FTK_BACKEND_FB_FALSE=''
FTK_BACKEND_FB_TRUE='#'
FTK_BACKEND_X11_FALSE='#'
FTK_BACKEND_X11_TRUE=''
GREP='/bin/grep'
INSTALL_DATA='${INSTALL} -m 644'
INSTALL_PROGRAM='${INSTALL}'
INSTALL_SCRIPT='${INSTALL}'
INSTALL_STRIP_PROGRAM='$(install_sh) -c -s'
LDFLAGS=' -L/usr/X11R6/lib -lX11 -lXext'
LIBOBJS=''
LIBS='-lpng -ljpeg '
LIBTOOL='$(SHELL) $(top_builddir)/libtool'
LN_S='ln -s'
LTLIBOBJS=''
MAKEINFO='${SHELL} /work/mine/googlecode/cross/ftk/missing --run makeinfo'
OBJEXT='o'
PACKAGE='ftk'
PACKAGE_BUGREPORT='xianjimli@hotmail.com'
PACKAGE_NAME='ftk'
PACKAGE_STRING='ftk 0.1'
PACKAGE_TARNAME='ftk'
PACKAGE_VERSION='0.1'
PATH_SEPARATOR=':'
PKG_CONFIG=''
RANLIB='ranlib'
SED='/bin/sed'
SET_MAKE=''
SHELL='/bin/sh'
STRIP='strip'
VERSION='0.1'
ac_ct_CC='gcc'
ac_ct_CXX='g++'
ac_ct_F77='gfortran'
am__fastdepCC_FALSE='#'
am__fastdepCC_TRUE=''
am__fastdepCXX_FALSE='#'
am__fastdepCXX_TRUE=''
am__include='include'
am__isrc=''
am__leading_dot='.'
am__quote=''
am__tar='${AMTAR} chof - "$$tardir"'
am__untar='${AMTAR} xf -'
bindir='${exec_prefix}/bin'
build='i686-pc-linux-gnu'
build_alias=''
build_cpu='i686'
build_os='linux-gnu'
build_vendor='pc'
datadir='${datarootdir}'
datarootdir='${prefix}/share'
docdir='${datarootdir}/doc/${PACKAGE_TARNAME}'
dvidir='${docdir}'
exec_prefix='${prefix}'
host='i686-pc-linux-gnu'
host_alias=''
host_cpu='i686'
host_os='linux-gnu'
host_vendor='pc'
htmldir='${docdir}'
includedir='${prefix}/include'
infodir='${datarootdir}/info'
install_sh='$(SHELL) /work/mine/googlecode/cross/ftk/install-sh'
libdir='${exec_prefix}/lib'
libexecdir='${exec_prefix}/libexec'
localedir='${datarootdir}/locale'
localstatedir='${prefix}/var'
mandir='${datarootdir}/man'
mkdir_p='/bin/mkdir -p'
oldincludedir='/usr/include'
pdfdir='${docdir}'
prefix='/usr/local'
program_transform_name='s,x,x,'
psdir='${docdir}'
sbindir='${exec_prefix}/sbin'
sharedstatedir='${prefix}/com'
sysconfdir='${prefix}/etc'
target_alias=''

## ----------- ##
## confdefs.h. ##
## ----------- ##

#define PACKAGE_NAME "ftk"
#define PACKAGE_TARNAME "ftk"
#define PACKAGE_VERSION "0.1"
#define PACKAGE_STRING "ftk 0.1"
#define PACKAGE_BUGREPORT "xianjimli@hotmail.com"
#define PACKAGE "ftk"
#define VERSION "0.1"
#define STDC_HEADERS 1
#define HAVE_SYS_TYPES_H 1
#define HAVE_SYS_STAT_H 1
#define HAVE_STDLIB_H 1
#define HAVE_STRING_H 1
#define HAVE_MEMORY_H 1
#define HAVE_STRINGS_H 1
#define HAVE_INTTYPES_H 1
#define HAVE_STDINT_H 1
#define HAVE_UNISTD_H 1
#define HAVE_DLFCN_H 1
#define HAVE_LIBJPEG 1
#define HAVE_LIBPNG 1
#define HAVE_FCNTL_H 1
#define HAVE_STDLIB_H 1
#define HAVE_STRING_H 1
#define HAVE_SYS_IOCTL_H 1
#define HAVE_SYS_TIME_H 1
#define HAVE_UNISTD_H 1
#define HAVE_STDLIB_H 1
#define HAVE_MALLOC 1
#define HAVE_STDLIB_H 1
#define HAVE_UNISTD_H 1
#define HAVE_GETPAGESIZE 1
#define HAVE_MMAP 1
#define HAVE_STDLIB_H 1
#define HAVE_REALLOC 1
#define HAVE_GETTIMEOFDAY 1
#define HAVE_MEMSET 1
#define HAVE_MUNMAP 1
#define HAVE_SELECT 1
#define HAVE_STRDUP 1
#define HAVE_STRSTR 1

configure: exit 0

## ---------------------- ##
## Running config.status. ##
## ---------------------- ##

This file was extended by ftk config.status 0.1, which was
generated by GNU Autoconf 2.61.  Invocation command line was

  CONFIG_FILES    = 
  CONFIG_HEADERS  = 
  CONFIG_LINKS    = 
  CONFIG_COMMANDS = 
  $ ./config.status 

on localhost.localdomain

config.status:709: creating ftk.pc
config.status:709: creating Makefile
config.status:709: creating src/Makefile
config.status:709: creating src/testdata/Makefile
config.status:709: creating src/icons/Makefile
config.status:709: creating src/data/Makefile
config.status:709: creating src/demos/Makefile
config.status:709: creating src/test/Makefile
config.status:709: creating src/backend/Makefile
config.status:709: creating src/backend/directfb/Makefile
config.status:709: creating src/backend/fb/Makefile
config.status:709: creating src/backend/x11-emu/Makefile
config.status:709: creating src/backend/win32/Makefile
config.status:709: creating src/os/Makefile
config.status:709: creating src/os/linux/Makefile
config.status:709: creating src/os/windows/Makefile
config.status:709: creating src/compiler/Makefile
config.status:709: creating src/compiler/ads/Makefile
config.status:709: creating src/compiler/vs2005/Makefile
config.status:709: creating script_binding/Makefile
config.status:709: creating script_binding/lua/Makefile
config.status:709: creating script_binding/lua/lua/Makefile
config.status:709: creating apps/Makefile
config.status:709: creating apps/launcher/Makefile
config.status:709: creating apps/desktop/Makefile
config.status:709: creating apps/desktop/icons/Makefile
config.status:709: creating apps/desktop/xul/Makefile
config.status:709: creating apps/calculator/Makefile
config.status:709: creating apps/calculator/icons/Makefile
config.status:709: creating apps/calculator/xul/Makefile
config.status:709: creating apps/calculator/data/Makefile
config.status:709: creating tools/Makefile
config.status:709: creating tools/cross-build/Makefile
config.status:709: creating config.h
config.status:958: config.h is unchanged
config.status:1005: executing depfiles commands

## ---------------------- ##
## Running config.status. ##
## ---------------------- ##

This file was extended by ftk config.status 0.1, which was
generated by GNU Autoconf 2.61.  Invocation command line was

  CONFIG_FILES    = 
  CONFIG_HEADERS  = 
  CONFIG_LINKS    = 
  CONFIG_COMMANDS = 
  $ ./config.status config.h

on localhost.localdomain

config.status:709: creating config.h
config.status:958: config.h is unchanged

## ---------------------- ##
## Running config.status. ##
## ---------------------- ##

This file was extended by ftk config.status 0.1, which was
generated by GNU Autoconf 2.61.  Invocation command line was

  CONFIG_FILES    = 
  CONFIG_HEADERS  = 
  CONFIG_LINKS    = 
  CONFIG_COMMANDS = 
  $ ./config.status src/Makefile depfiles

on localhost.localdomain

config.status:709: creating src/Makefile
config.status:1005: executing depfiles commands

## ---------------------- ##
## Running config.status. ##
## ---------------------- ##

This file was extended by ftk config.status 0.1, which was
generated by GNU Autoconf 2.61.  Invocation command line was

  CONFIG_FILES    = 
  CONFIG_HEADERS  = 
  CONFIG_LINKS    = 
  CONFIG_COMMANDS = 
  $ ./config.status apps/desktop/Makefile depfiles

on localhost.localdomain

config.status:709: creating apps/desktop/Makefile
config.status:1005: executing depfiles commands
